Using pre-set license
Built from '2021.3/staging' branch; Version is '2021.3.14f1 (eee1884e7226) revision 15655304'; Using compiler version '192829333'; Build Type 'Release'
OS: 'Windows 10  (10.0.19044) 64bit Core' Language: 'ru' Physical Memory: 14181 MB
BatchMode: 1, IsHumanControllingUs: 0, StartBugReporterOnCrash: 0, Is64bit: 1, IsPro: 1

COMMAND LINE ARGUMENTS:
D:\Unity Editor\2021.3.14f1\Editor\Unity.exe
-adb2
-batchMode
-noUpm
-name
AssetImportWorker0
-projectPath
D:/Unity Project's/My project (6)
-logFile
Logs/AssetImportWorker0.log
-srvPort
56307
Successfully changed project path to: D:/Unity Project's/My project (6)
D:/Unity Project's/My project (6)
[UnityMemory] Configuration Parameters - Can be set up in boot.config
    "memorysetup-bucket-allocator-granularity=16"
    "memorysetup-bucket-allocator-bucket-count=8"
    "memorysetup-bucket-allocator-block-size=33554432"
    "memorysetup-bucket-allocator-block-count=8"
    "memorysetup-main-allocator-block-size=16777216"
    "memorysetup-thread-allocator-block-size=16777216"
    "memorysetup-gfx-main-allocator-block-size=16777216"
    "memorysetup-gfx-thread-allocator-block-size=16777216"
    "memorysetup-cache-allocator-block-size=4194304"
    "memorysetup-typetree-allocator-block-size=2097152"
    "memorysetup-profiler-bucket-allocator-granularity=16"
    "memorysetup-profiler-bucket-allocator-bucket-count=8"
    "memorysetup-profiler-bucket-allocator-block-size=33554432"
    "memorysetup-profiler-bucket-allocator-block-count=8"
    "memorysetup-profiler-allocator-block-size=16777216"
    "memorysetup-profiler-editor-allocator-block-size=1048576"
    "memorysetup-temp-allocator-size-main=16777216"
    "memorysetup-job-temp-allocator-block-size=2097152"
    "memorysetup-job-temp-allocator-block-size-background=1048576"
    "memorysetup-job-temp-allocator-reduction-small-platforms=262144"
    "memorysetup-temp-allocator-size-background-worker=32768"
    "memorysetup-temp-allocator-size-job-worker=262144"
    "memorysetup-temp-allocator-size-preload-manager=33554432"
    "memorysetup-temp-allocator-size-nav-mesh-worker=65536"
    "memorysetup-temp-allocator-size-audio-worker=65536"
    "memorysetup-temp-allocator-size-cloud-worker=32768"
    "memorysetup-temp-allocator-size-gi-baking-worker=262144"
    "memorysetup-temp-allocator-size-gfx=262144"
Refreshing native plugins compatible for Editor in 108.82 ms, found 4 plugins.
Preloading 0 native plugins for Editor in 0.00 ms.
Initialize engine version: 2021.3.14f1 (eee1884e7226)
[Subsystems] Discovering subsystems at path D:/Unity Editor/2021.3.14f1/Editor/Data/Resources/UnitySubsystems
[Subsystems] Discovering subsystems at path D:/Unity Project's/My project (6)/Assets
GfxDevice: creating device client; threaded=0; jobified=0
Direct3D:
    Version:  Direct3D 11.0 [level 11.1]
    Renderer: AMD Radeon(TM) Graphics (ID=0x164c)
    Vendor:   ATI
    VRAM:     7090 MB
    Driver:   27.20.15026.8004
Initialize mono
Mono path[0] = 'D:/Unity Editor/2021.3.14f1/Editor/Data/Managed'
Mono path[1] = 'D:/Unity Editor/2021.3.14f1/Editor/Data/MonoBleedingEdge/lib/mono/unityjit-win32'
Mono config path = 'D:/Unity Editor/2021.3.14f1/Editor/Data/MonoBleedingEdge/etc'
Using monoOptions --debugger-agent=transport=dt_socket,embedding=1,server=y,suspend=n,address=127.0.0.1:56220
Begin MonoManager ReloadAssembly
Registering precompiled unity dll's ...
Register platform support module: D:/Unity Editor/2021.3.14f1/Editor/Data/PlaybackEngines/AndroidPlayer/UnityEditor.Android.Extensions.dll
Register platform support module: D:/Unity Editor/2021.3.14f1/Editor/Data/PlaybackEngines/iOSSupport/UnityEditor.iOS.Extensions.dll
Register platform support module: D:/Unity Editor/2021.3.14f1/Editor/Data/PlaybackEngines/WindowsStandaloneSupport/UnityEditor.WindowsStandalone.Extensions.dll
Registered in 0.003181 seconds.
Native extension for WindowsStandalone target not found
[usbmuxd] Start listen thread
[usbmuxd] Listen thread started
Native extension for iOS target not found
Native extension for Android target not found
Refreshing native plugins compatible for Editor in 103.46 ms, found 4 plugins.
Preloading 0 native plugins for Editor in 0.00 ms.
Mono: successfully reloaded assembly
- Completed reload, in  0.781 seconds
Domain Reload Profiling:
	ReloadAssembly (782ms)
		BeginReloadAssembly (89ms)
			ExecutionOrderSort (0ms)
			DisableScriptedObjects (0ms)
			BackupInstance (0ms)
			ReleaseScriptingObjects (0ms)
			CreateAndSetChildDomain (1ms)
		EndReloadAssembly (575ms)
			LoadAssemblies (88ms)
			RebuildTransferFunctionScriptingTraits (0ms)
			SetupTypeCache (120ms)
			ReleaseScriptCaches (0ms)
			RebuildScriptCaches (39ms)
			SetupLoadedEditorAssemblies (341ms)
				LogAssemblyErrors (0ms)
				InitializePlatformSupportModulesInManaged (66ms)
				SetLoadedEditorAssemblies (0ms)
				RefreshPlugins (104ms)
				BeforeProcessingInitializeOnLoad (1ms)
				ProcessInitializeOnLoadAttributes (118ms)
				ProcessInitializeOnLoadMethodAttributes (52ms)
				AfterProcessingInitializeOnLoad (0ms)
				EditorAssembliesLoaded (0ms)
			ExecutionOrderSort2 (0ms)
			AwakeInstancesAfterBackupRestoration (0ms)
Platform modules already initialized, skipping
Registering precompiled user dll's ...
Registered in 0.005930 seconds.
Begin MonoManager ReloadAssembly
Symbol file LoadedFromMemory doesn't match image D:\Unity Project's\My project (6)\Library\PackageCache\com.unity.visualscripting@1.7.8\Editor\VisualScripting.Core\Dependencies\YamlDotNet\Unity.VisualScripting.YamlDotNet.dll
Symbol file LoadedFromMemory doesn't match image D:\Unity Project's\My project (6)\Library\PackageCache\com.unity.visualscripting@1.7.8\Editor\VisualScripting.Core\Dependencies\DotNetZip\Unity.VisualScripting.IonicZip.dll
Native extension for WindowsStandalone target not found
Native extension for iOS target not found
Native extension for Android target not found
Refreshing native plugins compatible for Editor in 100.99 ms, found 4 plugins.
Preloading 0 native plugins for Editor in 0.00 ms.
Mono: successfully reloaded assembly
Package Manager log level set to [2]
- Completed reload, in  1.457 seconds
Domain Reload Profiling:
	ReloadAssembly (1458ms)
		BeginReloadAssembly (265ms)
			ExecutionOrderSort (0ms)
			DisableScriptedObjects (9ms)
			BackupInstance (0ms)
			ReleaseScriptingObjects (0ms)
			CreateAndSetChildDomain (139ms)
		EndReloadAssembly (1068ms)
			LoadAssemblies (98ms)
			RebuildTransferFunctionScriptingTraits (0ms)
			SetupTypeCache (294ms)
			ReleaseScriptCaches (1ms)
			RebuildScriptCaches (65ms)
			SetupLoadedEditorAssemblies (562ms)
				LogAssemblyErrors (0ms)
				InitializePlatformSupportModulesInManaged (21ms)
				SetLoadedEditorAssemblies (0ms)
				RefreshPlugins (101ms)
				BeforeProcessingInitializeOnLoad (102ms)
				ProcessInitializeOnLoadAttributes (282ms)
				ProcessInitializeOnLoadMethodAttributes (53ms)
				AfterProcessingInitializeOnLoad (3ms)
				EditorAssembliesLoaded (0ms)
			ExecutionOrderSort2 (0ms)
			AwakeInstancesAfterBackupRestoration (5ms)
Platform modules already initialized, skipping
========================================================================
Worker process is ready to serve import requests
Launched and connected shader compiler UnityShaderCompiler.exe after 0.06 seconds
Refreshing native plugins compatible for Editor in 0.87 ms, found 4 plugins.
Preloading 0 native plugins for Editor in 0.00 ms.
Unloading 4316 Unused Serialized files (Serialized files now loaded: 0)
Unloading 59 unused Assets / (228.9 KB). Loaded Objects now: 4755.
Memory consumption went from 159.3 MB to 159.1 MB.
Total: 4.376800 ms (FindLiveObjects: 0.488500 ms CreateObjectMapping: 0.133700 ms MarkObjects: 3.520900 ms  DeleteObjects: 0.232100 ms)

AssetImportParameters requested are different than current active one (requested -> active):
  custom:video-decoder-ogg-theora: a1e56fd34408186e4bbccfd4996cb3dc -> 
  custom:container-muxer-webm: aa71ff27fc2769a1b78a27578f13a17b -> 
  custom:container-demuxer-webm: 4f35f7cbe854078d1ac9338744f61a02 -> 
  custom:video-encoder-webm-vp8: eb34c28f22e8b96e1ab97ce403110664 -> 
  custom:audio-encoder-webm-vorbis: bf7c407c2cedff20999df2af8eb42d56 -> 
  custom:framework-win-MediaFoundation: 216162199b28c13a410421893ffa2e32 -> 
  custom:container-demuxer-ogg: 62fdf1f143b41e24485cea50d1cbac27 -> 
  custom:video-decoder-webm-vp8: 9c59270c3fd7afecdb556c50c9e8de78 -> 
  custom:audio-decoder-ogg-vorbis: bf7c407c2cedff20999df2af8eb42d56 -> 
========================================================================
Received Import Request.
  Time since last request: 348765.037990 seconds.
  path: Assets/ParticleEffectForUGUI-4.1.7/ParticleEffectForUGUI-4.1.7
  artifactKey: Guid(cbc1815d4b302194dbf6ee0cd1dab853) Importer(815301076,1909f56bfc062723c751e8b465ee728b)
Start importing Assets/ParticleEffectForUGUI-4.1.7/ParticleEffectForUGUI-4.1.7 using Guid(cbc1815d4b302194dbf6ee0cd1dab853) Importer(815301076,1909f56bfc062723c751e8b465ee728b)  -> (artifact id: 'c9e4afc73c8981840b83aab5bf990c11') in 0.015471 seconds 
========================================================================
Received Import Request.
  Time since last request: 1.466796 seconds.
  path: Assets/ParticleEffectForUGUI-4.1.7/ParticleEffectForUGUI-4.1.7/Shaders
  artifactKey: Guid(b127af87b412b46b8bb96174d10b16de) Importer(815301076,1909f56bfc062723c751e8b465ee728b)
Start importing Assets/ParticleEffectForUGUI-4.1.7/ParticleEffectForUGUI-4.1.7/Shaders using Guid(b127af87b412b46b8bb96174d10b16de) Importer(815301076,1909f56bfc062723c751e8b465ee728b)  -> (artifact id: '8fa673687da0cbdb87d0753f829f4b21') in 0.008645 seconds 
========================================================================
Received Import Request.
  Time since last request: 4.483551 seconds.
  path: Assets/ParticleEffectForUGUI-4.1.7/ParticleEffectForUGUI-4.1.7/Scripts
  artifactKey: Guid(2b8609eb7c2ee47f489e2dbca1f6fd4c) Importer(815301076,1909f56bfc062723c751e8b465ee728b)
Start importing Assets/ParticleEffectForUGUI-4.1.7/ParticleEffectForUGUI-4.1.7/Scripts using Guid(2b8609eb7c2ee47f489e2dbca1f6fd4c) Importer(815301076,1909f56bfc062723c751e8b465ee728b)  -> (artifact id: '1688e345d061470d441400d20062eefb') in 0.007933 seconds 
========================================================================
Received Import Request.
  Time since last request: 0.046616 seconds.
  path: Assets/ParticleEffectForUGUI-4.1.7/ParticleEffectForUGUI-4.1.7/Scripts/Coffee.UIParticle.asmdef
  artifactKey: Guid(7793e5cd8d2e94e21b56de41db6606bb) Importer(815301076,1909f56bfc062723c751e8b465ee728b)
Start importing Assets/ParticleEffectForUGUI-4.1.7/ParticleEffectForUGUI-4.1.7/Scripts/Coffee.UIParticle.asmdef using Guid(7793e5cd8d2e94e21b56de41db6606bb) Importer(815301076,1909f56bfc062723c751e8b465ee728b)  -> (artifact id: '026723f565c433f4cbbeae180e434e2a') in 0.018083 seconds 
========================================================================
Received Import Request.
  Time since last request: 1.129908 seconds.
  path: Assets/ParticleEffectForUGUI-4.1.7/ParticleEffectForUGUI-4.1.7/Scripts/Editor
  artifactKey: Guid(f479867169fb04929b98c38e646b83c5) Importer(815301076,1909f56bfc062723c751e8b465ee728b)
Start importing Assets/ParticleEffectForUGUI-4.1.7/ParticleEffectForUGUI-4.1.7/Scripts/Editor using Guid(f479867169fb04929b98c38e646b83c5) Importer(815301076,1909f56bfc062723c751e8b465ee728b)  -> (artifact id: '33acb791210a67e263fdca791971aaf3') in 0.007246 seconds 
========================================================================
Received Import Request.
  Time since last request: 0.057869 seconds.
  path: Assets/ParticleEffectForUGUI-4.1.7/ParticleEffectForUGUI-4.1.7/Scripts/Editor/Coffee.UIParticle.Editor.asmdef
  artifactKey: Guid(69deabfe8eed7495886c9daa69c9826a) Importer(815301076,1909f56bfc062723c751e8b465ee728b)
Start importing Assets/ParticleEffectForUGUI-4.1.7/ParticleEffectForUGUI-4.1.7/Scripts/Editor/Coffee.UIParticle.Editor.asmdef using Guid(69deabfe8eed7495886c9daa69c9826a) Importer(815301076,1909f56bfc062723c751e8b465ee728b)  -> (artifact id: '8e3b67c11073346ac9dd8bd2adb5d8c8') in 0.006939 seconds 
========================================================================
Received Prepare
Registering precompiled user dll's ...
Registered in 0.004704 seconds.
Begin MonoManager ReloadAssembly
Symbol file LoadedFromMemory doesn't match image D:\Unity Project's\My project (6)\Library\PackageCache\com.unity.visualscripting@1.7.8\Editor\VisualScripting.Core\Dependencies\YamlDotNet\Unity.VisualScripting.YamlDotNet.dll
Symbol file LoadedFromMemory doesn't match image D:\Unity Project's\My project (6)\Library\PackageCache\com.unity.visualscripting@1.7.8\Editor\VisualScripting.Core\Dependencies\DotNetZip\Unity.VisualScripting.IonicZip.dll
Native extension for WindowsStandalone target not found
Native extension for iOS target not found
Native extension for Android target not found
Refreshing native plugins compatible for Editor in 1.05 ms, found 4 plugins.
Preloading 0 native plugins for Editor in 0.00 ms.
Mono: successfully reloaded assembly
- Completed reload, in  1.148 seconds
Domain Reload Profiling:
	ReloadAssembly (1149ms)
		BeginReloadAssembly (165ms)
			ExecutionOrderSort (0ms)
			DisableScriptedObjects (7ms)
			BackupInstance (0ms)
			ReleaseScriptingObjects (0ms)
			CreateAndSetChildDomain (53ms)
		EndReloadAssembly (878ms)
			LoadAssemblies (117ms)
			RebuildTransferFunctionScriptingTraits (0ms)
			SetupTypeCache (287ms)
			ReleaseScriptCaches (2ms)
			RebuildScriptCaches (57ms)
			SetupLoadedEditorAssemblies (380ms)
				LogAssemblyErrors (0ms)
				InitializePlatformSupportModulesInManaged (31ms)
				SetLoadedEditorAssemblies (0ms)
				RefreshPlugins (1ms)
				BeforeProcessingInitializeOnLoad (82ms)
				ProcessInitializeOnLoadAttributes (218ms)
				ProcessInitializeOnLoadMethodAttributes (44ms)
				AfterProcessingInitializeOnLoad (3ms)
				EditorAssembliesLoaded (0ms)
			ExecutionOrderSort2 (0ms)
			AwakeInstancesAfterBackupRestoration (11ms)
Platform modules already initialized, skipping
Refreshing native plugins compatible for Editor in 3.43 ms, found 4 plugins.
Preloading 0 native plugins for Editor in 0.00 ms.
Unloading 4322 Unused Serialized files (Serialized files now loaded: 0)
Unloading 46 unused Assets / (195.5 KB). Loaded Objects now: 4770.
Memory consumption went from 159.5 MB to 159.3 MB.
Total: 4.411600 ms (FindLiveObjects: 0.420900 ms CreateObjectMapping: 0.098500 ms MarkObjects: 3.534200 ms  DeleteObjects: 0.355100 ms)

AssetImportParameters requested are different than current active one (requested -> active):
  custom:video-decoder-ogg-theora: a1e56fd34408186e4bbccfd4996cb3dc -> 
  custom:container-muxer-webm: aa71ff27fc2769a1b78a27578f13a17b -> 
  custom:container-demuxer-webm: 4f35f7cbe854078d1ac9338744f61a02 -> 
  custom:video-encoder-webm-vp8: eb34c28f22e8b96e1ab97ce403110664 -> 
  custom:audio-encoder-webm-vorbis: bf7c407c2cedff20999df2af8eb42d56 -> 
  custom:framework-win-MediaFoundation: 216162199b28c13a410421893ffa2e32 -> 
  custom:container-demuxer-ogg: 62fdf1f143b41e24485cea50d1cbac27 -> 
  custom:video-decoder-webm-vp8: 9c59270c3fd7afecdb556c50c9e8de78 -> 
  custom:audio-decoder-ogg-vorbis: bf7c407c2cedff20999df2af8eb42d56 -> 
========================================================================
Received Import Request.
  Time since last request: 32.371138 seconds.
  path: Assets/ParticleEffectForUGUI-4.1.7/ParticleEffectForUGUI-4.1.7/Samples/Demo
  artifactKey: Guid(dc0fe9e7fe61947fab1522ab29e2fc88) Importer(815301076,1909f56bfc062723c751e8b465ee728b)
Start importing Assets/ParticleEffectForUGUI-4.1.7/ParticleEffectForUGUI-4.1.7/Samples/Demo using Guid(dc0fe9e7fe61947fab1522ab29e2fc88) Importer(815301076,1909f56bfc062723c751e8b465ee728b)  -> (artifact id: 'a2ebd26a31f3acaf73daf893314380b4') in 0.016224 seconds 
========================================================================
Received Import Request.
  Time since last request: 1.141896 seconds.
  path: Assets/ParticleEffectForUGUI-4.1.7/ParticleEffectForUGUI-4.1.7/Samples/Demo/UIParticle_Demo.unity
  artifactKey: Guid(1fc4d0f41c2bd3745b97b439cca95c22) Importer(815301076,1909f56bfc062723c751e8b465ee728b)
Start importing Assets/ParticleEffectForUGUI-4.1.7/ParticleEffectForUGUI-4.1.7/Samples/Demo/UIParticle_Demo.unity using Guid(1fc4d0f41c2bd3745b97b439cca95c22) Importer(815301076,1909f56bfc062723c751e8b465ee728b)  -> (artifact id: 'fa962067d2e0311e9a2570b5d0c4fd31') in 0.008319 seconds 
========================================================================
Received Prepare
Registering precompiled user dll's ...
Registered in 0.005164 seconds.
Begin MonoManager ReloadAssembly
Symbol file LoadedFromMemory doesn't match image D:\Unity Project's\My project (6)\Library\PackageCache\com.unity.visualscripting@1.7.8\Editor\VisualScripting.Core\Dependencies\YamlDotNet\Unity.VisualScripting.YamlDotNet.dll
Symbol file LoadedFromMemory doesn't match image D:\Unity Project's\My project (6)\Library\PackageCache\com.unity.visualscripting@1.7.8\Editor\VisualScripting.Core\Dependencies\DotNetZip\Unity.VisualScripting.IonicZip.dll
Native extension for WindowsStandalone target not found
Native extension for iOS target not found
Native extension for Android target not found
Refreshing native plugins compatible for Editor in 1.20 ms, found 4 plugins.
Preloading 0 native plugins for Editor in 0.00 ms.
Mono: successfully reloaded assembly
- Completed reload, in  1.269 seconds
Domain Reload Profiling:
	ReloadAssembly (1269ms)
		BeginReloadAssembly (174ms)
			ExecutionOrderSort (0ms)
			DisableScriptedObjects (7ms)
			BackupInstance (0ms)
			ReleaseScriptingObjects (0ms)
			CreateAndSetChildDomain (55ms)
		EndReloadAssembly (995ms)
			LoadAssemblies (130ms)
			RebuildTransferFunctionScriptingTraits (0ms)
			SetupTypeCache (300ms)
			ReleaseScriptCaches (2ms)
			RebuildScriptCaches (80ms)
			SetupLoadedEditorAssemblies (422ms)
				LogAssemblyErrors (0ms)
				InitializePlatformSupportModulesInManaged (31ms)
				SetLoadedEditorAssemblies (1ms)
				RefreshPlugins (1ms)
				BeforeProcessingInitializeOnLoad (85ms)
				ProcessInitializeOnLoadAttributes (243ms)
				ProcessInitializeOnLoadMethodAttributes (58ms)
				AfterProcessingInitializeOnLoad (3ms)
				EditorAssembliesLoaded (0ms)
			ExecutionOrderSort2 (0ms)
			AwakeInstancesAfterBackupRestoration (11ms)
Platform modules already initialized, skipping
Refreshing native plugins compatible for Editor in 4.22 ms, found 4 plugins.
Preloading 0 native plugins for Editor in 0.00 ms.
Unloading 4322 Unused Serialized files (Serialized files now loaded: 0)
Unloading 46 unused Assets / (195.5 KB). Loaded Objects now: 4773.
Memory consumption went from 159.5 MB to 159.3 MB.
Total: 4.696900 ms (FindLiveObjects: 0.411300 ms CreateObjectMapping: 0.192800 ms MarkObjects: 3.803200 ms  DeleteObjects: 0.287800 ms)

AssetImportParameters requested are different than current active one (requested -> active):
  custom:video-decoder-ogg-theora: a1e56fd34408186e4bbccfd4996cb3dc -> 
  custom:container-muxer-webm: aa71ff27fc2769a1b78a27578f13a17b -> 
  custom:container-demuxer-webm: 4f35f7cbe854078d1ac9338744f61a02 -> 
  custom:video-encoder-webm-vp8: eb34c28f22e8b96e1ab97ce403110664 -> 
  custom:audio-encoder-webm-vorbis: bf7c407c2cedff20999df2af8eb42d56 -> 
  custom:framework-win-MediaFoundation: 216162199b28c13a410421893ffa2e32 -> 
  custom:container-demuxer-ogg: 62fdf1f143b41e24485cea50d1cbac27 -> 
  custom:video-decoder-webm-vp8: 9c59270c3fd7afecdb556c50c9e8de78 -> 
  custom:audio-decoder-ogg-vorbis: bf7c407c2cedff20999df2af8eb42d56 -> 
========================================================================
Received Import Request.
  Time since last request: 155.031577 seconds.
  path: Assets/ParticleEffectForUGUI-4.1.7/ParticleEffectForUGUI-4.1.7/Samples/Demo/Materials/UIParticle_Demo_Animatable.mat
  artifactKey: Guid(96e9806111c7f4ad18c9467cbbe2c4fd) Importer(815301076,1909f56bfc062723c751e8b465ee728b)
Start importing Assets/ParticleEffectForUGUI-4.1.7/ParticleEffectForUGUI-4.1.7/Samples/Demo/Materials/UIParticle_Demo_Animatable.mat using Guid(96e9806111c7f4ad18c9467cbbe2c4fd) Importer(815301076,1909f56bfc062723c751e8b465ee728b)  -> (artifact id: 'bd12f4314f832bea7ad2772b637eedd5') in 0.176859 seconds 
========================================================================
Received Import Request.
  Time since last request: 0.000059 seconds.
  path: Assets/ParticleEffectForUGUI-4.1.7/ParticleEffectForUGUI-4.1.7/Samples/Demo/Materials/UIParticle_Demo_Flame.mat
  artifactKey: Guid(15c6396b976394d68a63d742106293cb) Importer(815301076,1909f56bfc062723c751e8b465ee728b)
Start importing Assets/ParticleEffectForUGUI-4.1.7/ParticleEffectForUGUI-4.1.7/Samples/Demo/Materials/UIParticle_Demo_Flame.mat using Guid(15c6396b976394d68a63d742106293cb) Importer(815301076,1909f56bfc062723c751e8b465ee728b)  -> (artifact id: '37bb2bb45cc968c55895b3b2b9e95db9') in 0.025244 seconds 
========================================================================
Received Import Request.
  Time since last request: 0.000050 seconds.
  path: Assets/ParticleEffectForUGUI-4.1.7/ParticleEffectForUGUI-4.1.7/Samples/Demo/Materials/UIParticle_Demo_UIAdditive.mat
  artifactKey: Guid(e44a36783dcfc43bdab399a1adcef4f5) Importer(815301076,1909f56bfc062723c751e8b465ee728b)
Start importing Assets/ParticleEffectForUGUI-4.1.7/ParticleEffectForUGUI-4.1.7/Samples/Demo/Materials/UIParticle_Demo_UIAdditive.mat using Guid(e44a36783dcfc43bdab399a1adcef4f5) Importer(815301076,1909f56bfc062723c751e8b465ee728b)  -> (artifact id: '9bb216261021539bad2d71ad4d417d9c') in 0.016608 seconds 
========================================================================
Received Import Request.
  Time since last request: 0.000041 seconds.
  path: Assets/ParticleEffectForUGUI-4.1.7/ParticleEffectForUGUI-4.1.7/Samples/Demo/Materials/UIParticle_Demo_Fire.mat
  artifactKey: Guid(57cef6c0f7570214991e091275f08894) Importer(815301076,1909f56bfc062723c751e8b465ee728b)
Start importing Assets/ParticleEffectForUGUI-4.1.7/ParticleEffectForUGUI-4.1.7/Samples/Demo/Materials/UIParticle_Demo_Fire.mat using Guid(57cef6c0f7570214991e091275f08894) Importer(815301076,1909f56bfc062723c751e8b465ee728b)  -> (artifact id: 'd123e5ffe27ac423de3356de2daa9e52') in 0.018177 seconds 
========================================================================
Received Import Request.
  Time since last request: 0.000035 seconds.
  path: Assets/ParticleEffectForUGUI-4.1.7/ParticleEffectForUGUI-4.1.7/Samples/Demo/Materials/UIParticle_Demo_Flame_Atlas.tif
  artifactKey: Guid(5b8fd2a34c36a4f1caae000b721312c4) Importer(815301076,1909f56bfc062723c751e8b465ee728b)
Start importing Assets/ParticleEffectForUGUI-4.1.7/ParticleEffectForUGUI-4.1.7/Samples/Demo/Materials/UIParticle_Demo_Flame_Atlas.tif using Guid(5b8fd2a34c36a4f1caae000b721312c4) Importer(815301076,1909f56bfc062723c751e8b465ee728b)  -> (artifact id: 'cb1ee7bce6fd3ed71552dd6e78702132') in 0.038658 seconds 
Editor requested this worker to shutdown with reason: Scaling down because of idle timeout
AssetImportWorker is now disconnected from the server
Process exiting
Exiting without the bug reporter. Application will terminate with return code 0